+ cc kern/init.c
+ ld obj/kern/kernel
+ mk obj/kern/kernel.img
Could not open option rom 'sgabios.bin': No such file or directory
6828 decimal is 15254 octal!
Physical memory: 66556K available, base = 640K, extended = 65532K
Total Pages: 16639
npages = 16639, npages_basemem = 160
mp_code_beg = 7, mp_code_end = 8
Skipp 7
Oops = 683
EXTPHYSMEM = 100000
check_page_free_list(1) ok
check_page_alloc() succeeded!
check_page() succeeded!
check_kern_pgdir() succeeded!
check_page_free_list(0) ok
check_page_installed_pgdir() succeeded!
SMP: CPU 0 found 4 CPU(s)
enabled interrupts: 1 2
SMP: CPU 1 starting
SMP: CPU 2 starting
SMP: CPU 3 starting
[00000000] new env 00001000
CPU 1 is halt.
CPU 2 is halt.
CPU 3 is halt.
CPU 1 is halt.
[00001000] new env 00001001
CPU 2 is halt.
[00001000] user panic in <unknown> at lib/ipc.c:42: ipc_send not implemented

QEMU: Terminated via GDBstub
